-------------------------------------------------------------------------------
Test set: com.app.test.HelloJunit5Test
-------------------------------------------------------------------------------
Tests run: 3, Failures: 1, Errors: 0, Skipped: 0, Time elapsed: 0.003 s <<< FAILURE! - in com.app.test.HelloJunit5Test
test3  Time elapsed: 0 s  <<< FAILURE!
org.opentest4j.AssertionFailedError: I am failing wantedly
	at com.app.test.HelloJunit5Test.test3(HelloJunit5Test.java:36)

